<?xml version="1.0" encoding="UTF-8"?>
<!-- Generated by org.testng.reporters.JUnitReportReporter -->
<testsuite hostname="BINTERNS-QA33L" failures="0" tests="15" name="Test.CustomerLoginTest" time="90.377" errors="0" timestamp="2023-05-15T14:55:48 IST" skipped="0">
  <testcase classname="Test.CustomerLoginTest" name="navigate_to_homepage_click_on_signin" time="1.482"/>
  <system-out/>
  <testcase classname="Test.CustomerLoginTest" name="visibility_customer_login_header" time="0.057"/>
  <system-out/>
  <testcase classname="Test.CustomerLoginTest" name="visibility_registered_customers_header" time="0.048"/>
  <system-out/>
  <testcase classname="Test.CustomerLoginTest" name="verify_label_email_on_page" time="0.019"/>
  <system-out/>
  <testcase classname="Test.CustomerLoginTest" name="verify_label_password_on_page" time="0.018"/>
  <system-out/>
  <testcase classname="Test.CustomerLoginTest" name="visibility_try_demo_customer_access_dialog" time="0.018"/>
  <system-out/>
  <testcase classname="Test.CustomerLoginTest" name="createanaccountbutton_redirection" time="2.327"/>
  <system-out/>
  <testcase classname="Test.CustomerLoginTest" name="forgotyourpasswordbutton_redirection" time="12.192"/>
  <system-out/>
  <testcase classname="Test.CustomerLoginTest" name="sign_in_with_invalid_credentials" time="16.026"/>
  <system-out/>
  <testcase classname="Test.CustomerLoginTest" name="sign_in_with_invalid_email" time="7.599"/>
  <system-out/>
  <testcase classname="Test.CustomerLoginTest" name="sign_in_with_invalid_password" time="23.055"/>
  <system-out/>
  <testcase classname="Test.CustomerLoginTest" name="sign_in_with_blank_email" time="8.619"/>
  <system-out/>
  <testcase classname="Test.CustomerLoginTest" name="sign_in_with_Blank_password" time="9.562"/>
  <system-out/>
  <testcase classname="Test.CustomerLoginTest" name="sign_in_with_Blank_credentials" time="2.289"/>
  <system-out/>
  <testcase classname="Test.CustomerLoginTest" name="sign_in_with_valid_credentials" time="7.066"/>
  <system-out/>
</testsuite> <!-- Test.CustomerLoginTest -->
