<?xml version="1.0" encoding="UTF-8"?>
<!-- Generated by org.testng.reporters.JUnitReportReporter -->
<testsuite hostname="BINTERNS-QA33L" failures="0" tests="10" name="Test.WhatNewTest" time="115.916" errors="0" timestamp="2023-05-18T18:26:50 IST" skipped="0">
  <testcase classname="Test.WhatNewTest" name="product_visible_in_gridoption" time="21.542"/>
  <system-out/>
  <testcase classname="Test.WhatNewTest" name="sorting_by_product_name" time="6.104"/>
  <system-out/>
  <testcase classname="Test.WhatNewTest" name="sorting_by_product_price" time="5.920"/>
  <system-out/>
  <testcase classname="Test.WhatNewTest" name="sorting_by_product_position" time="5.637"/>
  <system-out/>
  <testcase classname="Test.WhatNewTest" name="style_duffel" time="11.513"/>
  <system-out/>
  <testcase classname="Test.WhatNewTest" name="style_messenger" time="12.506"/>
  <system-out/>
  <testcase classname="Test.WhatNewTest" name="style_laptop" time="13.191"/>
  <system-out/>
  <testcase classname="Test.WhatNewTest" name="style_exercise" time="12.665"/>
  <system-out/>
  <testcase classname="Test.WhatNewTest" name="category_electronic" time="13.259"/>
  <system-out/>
  <testcase classname="Test.WhatNewTest" name="category_exercise" time="13.579"/>
  <system-out/>
</testsuite> <!-- Test.WhatNewTest -->
