<?xml version="1.0" encoding="UTF-8"?>
<!-- Generated by org.testng.reporters.JUnitReportReporter -->
<testsuite hostname="BINTERNS-QA33L" failures="0" tests="8" name="Test.CartPageTest" time="40.206" errors="0" timestamp="2023-05-10T15:06:13 IST" skipped="4">
  <testcase classname="Test.CartPageTest" name="add_to_cart_functonality" time="16.396"/>
  <system-out/>
  <testcase classname="Test.CartPageTest" name="proceed_to_checkout_functonality" time="7.696"/>
  <system-out/>
  <testcase classname="Test.CartPageTest" name="shipping_details" time="11.281"/>
  <system-out/>
  <testcase classname="Test.CartPageTest" name="apply_discount_functonality" time="4.833"/>
  <system-out/>
  <testcase classname="Test.CartPageTest" name="shipping_and_billing_address_on_orders_page">
    <skipped/>
  </testcase> <!-- shipping_and_billing_address_on_orders_page -->
  <system-out/>
  <testcase classname="Test.CartPageTest" name="order_details">
    <skipped/>
  </testcase> <!-- order_details -->
  <system-out/>
  <testcase classname="Test.CartPageTest" name="reorder_product">
    <skipped/>
  </testcase> <!-- reorder_product -->
  <system-out/>
  <testcase classname="Test.CartPageTest" name="placeorder_functonality">
    <skipped/>
  </testcase> <!-- placeorder_functonality -->
  <system-out/>
</testsuite> <!-- Test.CartPageTest -->
