<?xml version="1.0" encoding="UTF-8"?>
<!-- Generated by org.testng.reporters.JUnitReportReporter -->
<testsuite hostname="BINTERNS-QA33L" failures="0" tests="10" name="Test.WhatNewTest" time="125.463" errors="0" timestamp="2023-05-18T15:28:47 IST" skipped="0">
  <testcase classname="Test.WhatNewTest" name="product_visible_in_gridoption" time="25.018"/>
  <system-out/>
  <testcase classname="Test.WhatNewTest" name="sorting_by_product_name" time="7.114"/>
  <system-out/>
  <testcase classname="Test.WhatNewTest" name="sorting_by_product_price" time="6.747"/>
  <system-out/>
  <testcase classname="Test.WhatNewTest" name="sorting_by_product_position" time="5.718"/>
  <system-out/>
  <testcase classname="Test.WhatNewTest" name="style_duffel" time="12.317"/>
  <system-out/>
  <testcase classname="Test.WhatNewTest" name="style_messenger" time="13.461"/>
  <system-out/>
  <testcase classname="Test.WhatNewTest" name="style_laptop" time="13.379"/>
  <system-out/>
  <testcase classname="Test.WhatNewTest" name="style_exercise" time="13.148"/>
  <system-out/>
  <testcase classname="Test.WhatNewTest" name="category_electronic" time="13.665"/>
  <system-out/>
  <testcase classname="Test.WhatNewTest" name="category_exercise" time="14.896"/>
  <system-out/>
</testsuite> <!-- Test.WhatNewTest -->
